4628
0 0 0 10
0 11 0 21
0 22 0 30
0 31 1 36
0 37 0 47
0 48 0 56
0 57 0 67
0 68 0 79
0 80 0 88
0 89 0 97
0 98 0 107
0 108 0 118
0 119 0 129
0 130 0 140
0 141 0 149
0 150 0 160
0 161 0 169
0 170 0 179
0 180 0 191
0 192 0 203
0 204 0 215
0 216 2 219
0 220 0 231
0 232 0 243
0 244 2 246
0 247 3 249
1 0 1 9
1 10 1 21
1 22 1 30
1 37 1 48
1 49 3 52
1 53 1 61
1 62 1 73
1 74 1 85
1 86 1 97
1 98 1 107
1 108 1 116
1 117 1 127
1 128 1 139
1 140 1 148
1 149 1 159
1 160 1 170
1 171 1 179
1 180 1 189
1 190 4 192
1 193 4 195
1 196 6 197
1 198 1 209
1 210 3 213
1 214 6 215
1 220 1 229
1 230 1 239
1 240 5 241
1 242 12 242
1 243 9 243
2 0 3 3
2 4 2 15
2 16 2 26
2 27 2 36
2 37 2 46
2 47 7 48
2 53 2 62
2 63 2 74
2 75 2 84
2 85 2 95
2 96 2 105
2 106 2 115
2 116 2 127
2 128 2 139
2 140 2 149
2 150 2 161
2 162 2 172
2 173 2 181
2 182 3 186
2 187 5 189
2 198 2 207
2 208 6 209
2 220 2 231
2 232 3 236
2 237 13 237
2 239 12 239
3 4 3 15
3 16 3 24
3 25 3 33
3 34 3 45
3 46 11 46
3 53 3 62
3 63 4 67
3 68 4 73
3 74 3 84
3 85 3 95
3 96 3 106
3 107 3 115
3 116 3 124
3 125 3 134
3 135 3 146
3 147 3 158
3 159 4 163
3 164 4 168
3 169 3 180
3 181 11 181
3 198 5 200
3 201 4 205
3 206 7 207
3 216 3 224
3 225 4 229
3 230 7 231
3 238 14 238
3 244 5 246
4 0 4 9
4 10 4 19
4 20 7 22
4 23 5 28
4 29 5 34
4 35 4 43
4 44 13 44
4 45 13 45
4 49 4 57
4 58 6 60
4 61 7 62
4 74 4 82
4 83 7 85
4 86 4 95
4 96 5 100
4 101 4 112
4 113 5 117
4 118 5 122
4 123 4 131
4 132 4 143
4 144 4 152
4 153 5 157
4 169 4 180
4 182 5 186
4 210 5 213
4 216 4 224
4 232 7 234
4 235 9 236
4 247 6 249
5 0 5 9
5 10 7 13
5 14 7 16
5 17 8 19
5 35 6 39
5 40 9 41
5 42 9 43
5 49 13 49
5 50 7 53
5 54 9 55
5 56 8 57
5 63 5 73
5 74 5 82
5 86 5 95
5 101 9 102
5 103 16 103
5 104 6 109
5 110 8 112
5 123 5 131
5 132 5 140
5 141 5 152
5 158 5 169
5 170 5 180
5 190 6 195
5 201 6 205
5 216 5 227
5 228 9 229
6 0 6 8
6 23 6 34
6 63 6 74
6 75 8 77
6 78 7 81
6 82 16 82
6 86 6 95
6 96 8 99
6 113 6 122
6 123 6 133
6 134 7 139
6 140 7 145
6 146 6 157
6 158 6 166
6 167 6 176
6 177 8 179
6 180 16 180
6 182 6 189
6 198 8 200
6 210 8 212
6 216 7 221
6 222 8 224
6 225 8 227
6 240 14 240
6 244 8 246
7 0 7 8
7 9 18 9
7 23 7 33
7 34 8 39
7 58 11 59
7 60 15 60
7 63 7 74
7 86 7 95
7 104 9 107
7 108 12 109
7 113 7 124
7 125 7 133
7 146 7 154
7 155 7 164
7 165 7 175
7 176 18 176
7 182 7 191
7 192 8 196
7 197 17 197
7 201 9 203
7 204 10 205
7 208 15 208
7 209 17 209
7 213 9 215
7 247 15 247
7 248 12 249
8 0 8 8
8 10 10 13
8 14 11 15
8 16 19 16
8 20 8 30
8 31 10 33
8 47 12 48
8 50 13 51
8 52 11 53
8 61 8 70
8 71 9 74
8 78 10 80
8 81 18 81
8 83 8 92
8 93 11 95
8 113 8 121
8 122 8 131
8 132 8 143
8 144 8 153
8 154 8 163
8 164 8 173
8 174 12 175
8 182 8 191
8 206 11 207
8 216 10 218
8 219 17 219
8 220 19 220
8 221 19 221
8 230 10 233
8 234 19 234
9 0 10 5
9 6 12 7
9 17 9 25
9 26 14 27
9 28 11 30
9 34 10 38
9 39 17 39
9 56 14 57
9 61 10 65
9 66 11 68
9 69 17 69
9 70 19 70
9 75 11 77
9 83 9 92
9 96 11 98
9 99 17 99
9 110 9 119
9 120 9 131
9 132 9 141
9 142 14 143
9 144 9 155
9 156 9 166
9 167 11 170
9 171 14 172
9 173 20 173
9 177 13 178
9 182 9 193
9 194 12 196
9 198 11 200
9 210 11 212
9 222 10 225
9 226 20 226
9 241 20 241
9 244 12 246
10 17 10 25
10 40 12 42
10 43 19 43
10 54 14 55
10 71 12 73
10 74 18 74
10 83 10 91
10 92 19 92
10 100 12 102
10 104 13 106
10 107 19 107
10 110 10 121
10 122 10 133
10 134 11 139
10 140 20 140
10 141 18 141
10 144 10 153
10 154 10 165
10 179 21 179
10 182 10 190
10 191 12 193
10 201 14 202
10 203 21 203
10 214 15 215
10 227 13 229
10 235 14 236
10 243 19 243
11 0 12 4
11 5 22 5
11 8 22 8
11 10 14 12
11 13 22 13
11 17 11 25
11 31 12 35
11 36 20 36
11 37 22 37
11 38 21 38
11 61 12 65
11 80 22 80
11 83 11 91
11 110 11 119
11 120 11 130
11 131 13 133
11 144 11 155
11 156 13 159
11 160 19 160
11 161 13 164
11 165 20 165
11 182 12 185
11 186 12 190
11 204 15 205
11 213 22 213
11 216 13 218
11 222 22 222
11 223 15 224
11 225 20 225
11 230 13 233
12 14 15 15
12 17 15 19
12 20 13 25
12 28 15 30
12 46 22 46
12 52 20 52
12 53 23 53
12 58 16 59
12 66 14 68
12 75 14 78
12 83 13 88
12 89 14 91
12 93 13 97
12 98 21 98
12 110 12 121
12 122 13 127
12 128 15 130
12 134 14 136
12 137 15 139
12 144 12 154
12 155 22 155
12 166 13 170
12 181 22 181
12 198 15 199
12 200 23 200
12 206 16 207
12 210 15 212
13 0 15 3
13 4 24 4
13 6 16 7
13 31 15 33
13 34 18 35
13 40 18 41
13 42 23 42
13 47 21 47
13 48 22 48
13 61 14 65
13 71 16 72
13 73 24 73
13 79 24 79
13 100 15 102
13 108 13 116
13 117 14 121
13 144 14 148
13 149 14 153
13 174 18 175
13 182 13 191
13 192 14 196
13 239 21 239
13 244 15 246
13 248 17 249
14 20 16 22
14 23 16 25
14 44 19 45
14 49 18 50
14 51 22 51
14 83 15 87
14 88 22 88
14 93 23 93
14 94 15 97
14 104 16 106
14 108 14 116
14 122 15 127
14 131 18 132
14 133 24 133
14 156 15 159
14 161 16 163
14 164 22 164
14 166 16 169
14 170 25 170
14 177 19 178
14 182 14 190
14 191 22 191
14 216 17 218
14 227 16 229
14 230 22 230
14 232 18 233
15 10 25 10
15 11 19 12
15 26 25 26
15 27 23 27
15 54 17 56
15 57 24 57
15 61 15 68
15 75 18 77
15 78 26 78
15 89 25 89
15 90 18 91
15 108 15 116
15 117 16 120
15 121 23 121
15 134 17 136
15 142 15 150
15 151 19 152
15 153 19 154
15 171 19 172
15 182 16 186
15 187 16 190
15 192 16 196
15 201 19 202
15 235 17 238
15 240 26 240
16 1 18 3
16 14 27 14
16 15 26 15
16 17 18 19
16 28 17 32
16 33 25 33
16 60 16 68
16 83 20 84
16 85 19 87
16 94 17 97
16 100 19 102
16 108 16 116
16 122 16 130
16 137 19 139
16 142 16 150
16 156 19 158
16 159 25 159
16 198 27 198
16 199 24 199
16 204 24 204
16 205 27 205
16 208 27 208
16 210 20 211
16 214 20 215
16 223 21 224
16 244 18 246
16 247 25 247
17 6 22 7
17 20 18 23
17 24 21 25
17 58 17 66
17 67 21 68
17 71 21 72
17 82 25 82
17 103 18 106
17 108 19 111
17 112 20 113
17 114 19 117
17 118 22 119
17 120 28 120
17 122 17 130
17 142 18 147
17 148 20 150
17 161 19 163
17 166 25 166
17 167 28 167
17 168 21 169
17 180 25 180
17 182 17 190
17 192 19 195
17 196 26 196
17 206 21 207
17 212 28 212
17 227 19 229
17 242 28 242
18 28 19 32
18 39 28 39
18 54 22 55
18 56 28 56
18 58 18 66
18 94 26 94
18 95 28 95
18 96 22 97
18 99 29 99
18 122 19 126
18 127 19 130
18 134 23 135
18 182 18 190
18 197 29 197
18 216 19 219
18 235 29 235
18 236 21 238
18 248 22 249
19 0 20 3
19 9 30 9
19 17 20 21
19 22 24 23
19 34 23 35
19 40 23 41
19 49 24 50
19 58 19 66
19 74 21 77
19 81 30 81
19 90 22 91
19 103 20 106
19 131 22 132
19 141 21 144
19 145 22 146
19 147 27 147
19 175 30 175
19 176 29 176
19 182 19 190
19 209 30 209
19 231 21 233
19 244 22 246
20 11 24 12
20 16 28 16
20 28 21 31
20 32 29 32
20 43 22 45
20 58 21 63
20 64 22 66
20 69 24 70
20 85 23 87
20 92 31 92
20 100 23 101
20 102 30 102
20 107 21 111
20 114 22 116
20 117 31 117
20 122 21 126
20 127 25 128
20 129 23 130
20 136 21 139
20 151 25 152
20 153 25 154
20 156 22 158
20 160 21 163
20 171 24 172
20 174 31 174
20 177 31 177
20 178 30 178
20 182 21 187
20 188 22 190
20 192 25 193
20 194 28 194
20 195 31 195
20 201 24 202
20 216 21 221
20 227 23 229
20 234 28 234
20 243 30 243
21 0 22 3
21 17 23 20
21 36 30 36
21 52 32 52
21 84 31 84
21 103 23 105
21 106 32 106
21 112 25 113
21 140 32 140
21 148 24 150
21 165 29 165
21 173 31 173
21 210 25 211
21 225 26 226
21 241 29 241
22 24 26 25
22 28 23 31
22 38 32 38
22 47 33 47
22 58 23 62
22 63 33 63
22 67 26 68
22 71 27 72
22 74 27 75
22 76 27 77
22 98 30 98
22 107 23 111
22 122 25 124
22 125 26 126
22 136 24 139
22 141 24 143
22 144 32 144
22 160 24 162
22 163 33 163
22 168 26 169
22 179 32 179
22 182 23 185
22 186 25 187
22 203 30 203
22 206 27 207
22 214 22 221
22 223 26 224
22 231 24 233
22 236 25 238
22 239 32 239
23 0 28 1
23 3 34 3
23 5 34 5
23 6 26 8
23 13 32 13
23 21 34 21
23 37 32 37
23 43 24 46
23 48 33 48
23 51 33 51
23 54 27 55
23 64 27 65
23 66 33 66
23 80 32 80
23 88 31 88
23 90 27 91
23 96 28 97
23 114 25 116
23 118 31 118
23 119 31 119
23 131 26 132
23 145 27 146
23 155 26 157
23 181 32 181
23 188 26 190
23 191 33 191
23 213 23 222
23 230 31 230
23 244 25 246
23 248 28 249
24 17 26 19
24 20 32 20
24 27 28 28
24 29 27 31
24 34 35 34
24 40 26 42
24 53 34 53
24 58 26 60
24 61 33 61
24 62 32 62
24 85 29 86
24 87 33 87
24 93 32 93
24 100 28 101
24 103 27 105
24 107 25 111
24 121 34 121
24 129 27 130
24 134 29 135
24 164 35 164
24 182 26 185
24 200 33 200
24 213 26 215
24 216 27 218
24 219 27 221
24 227 27 229
25 11 35 11
25 12 33 12
25 22 30 23
25 43 28 45
25 46 36 46
25 49 29 50
25 57 36 57
25 69 29 70
25 83 36 83
25 133 35 133
25 136 26 139
25 141 27 143
25 148 27 150
25 160 27 162
25 171 28 172
25 201 35 201
25 202 33 202
25 222 36 222
25 231 28 233
26 2 37 2
26 10 35 10
26 26 34 26
26 33 36 33
26 82 35 82
26 89 34 89
26 107 28 110
26 111 27 116
26 122 28 124
26 127 30 128
26 151 28 154
26 158 29 159
26 166 36 166
26 170 34 170
26 180 34 180
26 186 36 186
26 187 36 187
26 192 30 193
26 210 30 211
26 236 28 238
26 244 28 247
27 6 29 8
27 15 36 15
27 17 32 18
27 19 37 19
27 24 30 25
27 40 29 42
27 58 30 60
27 67 32 68
27 73 38 73
27 78 32 79
27 94 35 94
27 125 32 126
27 131 32 132
27 136 32 137
27 138 35 138
27 139 38 139
27 155 31 156
27 157 36 157
27 168 31 169
27 182 29 185
27 188 36 188
27 189 32 190
27 196 38 196
27 213 36 213
27 214 31 215
27 223 28 226
27 240 38 240
28 14 39 14
28 29 30 31
28 54 38 54
28 55 38 55
28 64 32 65
28 71 33 72
28 74 30 76
28 77 38 77
28 91 37 91
28 103 30 105
28 111 29 116
28 129 33 130
28 141 32 142
28 143 39 143
28 145 29 150
28 160 31 162
28 198 36 198
28 204 29 208
28 216 29 219
28 220 32 221
28 227 30 229
29 0 34 1
29 16 40 16
29 27 34 28
29 35 40 35
29 39 37 39
29 43 31 45
29 56 40 56
29 95 31 97
29 100 33 101
29 107 31 110
29 120 38 120
29 122 32 123
29 124 38 124
29 151 33 152
29 153 32 154
29 167 39 167
29 171 33 172
29 194 37 194
29 212 40 212
29 223 30 226
29 231 31 233
29 234 38 234
29 236 31 238
29 242 38 242
29 244 30 249
30 6 39 6
30 7 38 7
30 8 40 8
30 32 39 32
30 40 32 42
30 49 41 49
30 50 41 50
30 69 41 69
30 85 35 86
30 99 41 99
30 111 32 113
30 114 34 115
30 116 41 116
30 134 33 135
30 145 31 148
30 149 40 149
30 150 38 150
30 158 41 158
30 159 41 159
30 165 40 165
30 176 40 176
30 182 32 185
30 197 39 197
30 204 31 208
30 216 33 217
30 218 34 219
30 235 41 235
30 241 41 241
31 9 39 9
31 22 36 23
31 24 34 25
31 29 34 31
31 58 33 60
31 74 33 76
31 90 42 90
31 98 40 98
31 102 39 102
31 103 33 105
31 127 34 128
31 178 41 178
31 192 36 193
31 203 39 203
31 209 33 211
31 223 32 227
31 228 39 228
31 229 39 229
31 243 32 247
31 248 34 249
32 36 43 36
32 43 34 45
32 81 43 81
32 88 41 88
32 92 42 92
32 95 34 97
32 107 37 108
32 109 37 110
32 117 35 119
32 145 34 147
32 148 41 148
32 155 36 156
32 160 34 162
32 168 37 169
32 173 36 174
32 177 43 177
32 204 34 207
32 208 43 208
32 214 36 215
32 230 33 233
32 236 34 238
33 13 41 13
33 17 37 18
33 20 41 20
33 37 38 38
33 40 37 41
33 42 44 42
33 52 41 52
33 62 44 62
33 64 37 65
33 67 37 68
33 78 35 80
33 93 43 93
33 106 42 106
33 111 36 113
33 122 37 123
33 125 37 126
33 131 42 131
33 136 36 137
33 140 41 140
33 141 37 142
33 144 44 144
33 154 41 154
33 179 42 179
33 181 42 181
33 182 36 184
33 189 37 190
33 220 36 221
33 223 35 225
33 226 38 227
33 239 44 239
33 243 35 246
33 247 41 247
34 12 42 12
34 47 42 47
34 51 44 51
34 58 35 61
34 63 42 63
34 66 45 66
34 70 45 70
34 71 39 72
34 74 37 76
34 87 45 87
34 100 39 101
34 103 43 103
34 104 44 104
34 105 45 105
34 129 44 129
34 130 44 130
34 134 45 134
34 135 43 135
34 151 38 152
34 163 42 163
34 171 43 171
34 172 42 172
34 191 44 191
34 200 44 200
34 202 45 202
34 209 44 209
34 210 37 211
34 216 45 216
34 217 42 217
34 230 35 233
35 0 40 1
35 3 38 5
35 24 35 31
35 43 38 45
35 48 46 48
35 53 44 53
35 84 46 84
35 89 43 89
35 95 46 95
35 97 46 97
35 114 45 114
35 115 46 115
35 121 46 121
35 127 39 128
35 145 37 147
35 160 38 162
35 170 44 170
35 180 46 180
35 185 46 185
35 195 46 195
35 199 46 199
35 204 36 207
35 218 40 219
35 236 39 237
35 238 44 238
35 248 40 249
36 10 40 11
36 24 36 31
36 34 45 34
36 58 38 61
36 78 38 80
36 85 40 86
36 94 45 94
36 117 41 118
36 119 46 119
36 133 45 133
36 138 46 138
36 164 44 164
36 201 46 201
36 223 40 224
36 230 38 232
36 233 44 233
36 243 38 245
36 246 47 246
37 15 45 15
37 21 38 25
37 26 38 31
37 33 45 33
37 46 47 46
37 57 46 57
37 82 48 82
37 111 40 113
37 136 42 137
37 155 39 157
37 166 48 166
37 173 42 174
37 182 39 184
37 186 40 188
37 192 48 192
37 193 46 193
37 198 45 198
37 204 39 207
37 213 40 215
37 220 40 222
37 225 48 225
38 2 47 2
38 17 40 19
38 39 49 39
38 40 49 40
38 41 47 41
38 64 42 65
38 67 42 68
38 74 42 75
38 76 49 76
38 83 49 83
38 91 47 91
38 107 41 109
38 110 47 110
38 122 49 122
38 123 49 123
38 125 42 126
38 141 49 141
38 142 47 142
38 145 40 147
38 168 43 169
38 189 42 190
38 194 49 194
38 210 46 210
38 211 46 211
39 3 47 3
39 7 50 7
39 21 39 29
39 30 44 31
39 37 43 38
39 43 41 45
39 54 42 55
39 58 41 61
39 73 50 73
39 77 41 79
39 80 47 80
39 96 50 96
39 120 48 120
39 124 48 124
39 139 47 139
39 150 42 152
39 153 50 153
39 160 43 161
39 162 49 162
39 196 49 196
39 226 42 227
39 230 41 232
39 234 50 234
39 240 47 240
39 242 42 244
39 245 47 245
40 4 42 6
40 9 49 9
40 14 49 14
40 21 41 26
40 27 44 28
40 29 49 29
40 32 49 32
40 71 45 72
40 100 45 101
40 102 51 102
40 128 48 128
40 155 42 157
40 167 49 167
40 183 45 184
40 197 49 197
40 203 41 207
40 228 44 229
40 236 44 237
41 0 46 1
41 10 46 11
41 16 42 19
41 35 51 35
41 85 46 86
41 98 50 98
41 111 43 113
41 146 45 147
41 165 49 165
41 175 44 176
41 182 52 182
41 186 44 188
41 212 42 215
41 218 42 222
41 223 52 223
41 224 52 224
41 248 45 249
42 8 53 8
42 13 52 13
42 20 43 25
42 26 52 26
42 43 44 45
42 49 47 50
42 52 53 52
42 58 44 61
42 69 51 69
42 77 45 79
42 88 51 88
42 99 51 99
42 107 47 108
42 109 53 109
42 116 47 117
42 127 53 127
42 140 51 140
42 145 53 145
42 148 47 149
42 154 53 154
42 158 47 159
42 178 51 178
42 203 43 207
42 230 45 232
42 235 51 235
42 241 53 241
42 247 53 247
43 4 45 6
43 12 53 12
43 16 45 19
43 47 53 47
43 54 52 54
43 55 54 55
43 63 45 65
43 67 48 68
43 74 46 75
43 90 53 90
43 92 51 92
43 106 53 106
43 118 54 118
43 125 46 126
43 136 47 137
43 150 46 152
43 155 45 157
43 163 53 163
43 172 45 174
43 179 51 179
43 181 51 181
43 189 46 190
43 212 44 215
43 218 44 222
43 226 46 227
43 242 45 244
44 20 45 23
44 24 48 25
44 36 46 38
44 81 52 81
44 89 54 89
44 93 55 93
44 103 53 103
44 111 46 113
44 131 49 132
44 160 49 161
44 168 52 168
44 169 54 169
44 171 52 171
44 177 52 177
44 203 45 208
45 27 55 27
45 28 55 28
45 30 49 31
45 42 47 45
45 51 53 51
45 58 49 59
45 60 48 62
45 104 53 104
45 129 49 130
45 143 49 144
45 164 55 164
45 170 54 170
45 176 54 176
45 186 47 188
45 191 53 191
45 200 55 200
45 212 47 214
45 215 54 215
45 217 46 222
45 229 54 229
45 233 54 233
45 236 50 237
45 238 55 238
45 239 53 239
46 4 48 6
46 15 46 23
46 33 51 34
46 53 57 53
46 63 48 65
46 66 54 66
46 70 55 70
46 71 51 72
46 78 55 78
46 79 54 79
46 87 55 87
46 94 55 94
46 100 49 101
46 105 55 105
46 114 55 114
46 133 48 135
46 146 51 147
46 155 48 157
46 172 47 175
46 183 49 184
46 198 54 198
46 202 47 207
46 208 57 208
46 216 54 216
46 230 51 231
46 232 57 232
46 242 54 242
46 244 57 244
46 248 51 249
47 0 55 0
47 1 55 1
47 10 51 11
47 15 47 23
47 36 49 38
47 48 55 48
47 56 51 57
47 74 50 75
47 84 50 86
47 95 57 95
47 97 57 97
47 111 49 113
47 115 55 115
47 119 56 119
47 125 52 126
47 138 55 138
47 150 49 152
47 180 58 180
47 185 55 185
47 189 52 190
47 193 58 193
47 195 55 195
47 199 58 199
47 201 58 201
47 210 51 211
47 217 49 219
47 220 49 222
47 226 50 228
48 2 51 3
48 15 50 17
48 18 49 23
48 41 50 43
48 44 53 45
48 46 57 46
48 50 57 50
48 80 57 80
48 91 57 91
48 107 53 108
48 110 56 110
48 116 56 116
48 117 59 117
48 121 59 121
48 136 53 137
48 139 56 139
48 142 59 142
48 148 52 149
48 158 53 159
48 172 49 175
48 186 53 187
48 188 59 188
48 202 49 207
48 212 50 214
48 245 52 246
49 4 51 6
49 24 53 25
49 60 51 62
49 63 52 65
49 67 59 67
49 68 60 68
49 77 60 77
49 120 60 120
49 124 57 124
49 128 60 128
49 133 51 135
49 155 52 157
49 166 60 166
49 192 57 192
49 225 57 225
50 9 58 9
50 14 59 14
50 18 51 23
50 29 51 32
50 36 52 38
50 39 61 39
50 40 59 40
50 58 55 59
50 76 61 76
50 82 53 83
50 100 55 101
50 111 52 113
50 122 55 123
50 129 52 132
50 143 53 144
50 150 53 152
50 160 52 162
50 165 59 165
50 167 61 167
50 172 51 175
50 183 53 184
50 194 59 194
50 196 53 197
50 202 53 204
50 205 59 205
50 206 55 207
50 209 61 209
50 217 52 220
50 221 60 221
50 222 60 222
51 7 61 7
51 15 53 17
51 41 59 41
51 42 55 43
51 73 53 75
51 84 54 86
51 96 62 96
51 98 62 98
51 153 59 153
51 212 53 214
51 226 53 228
51 234 60 234
51 237 62 237
51 243 62 243
52 2 53 5
52 6 63 6
52 10 57 11
52 18 53 22
52 23 63 23
52 29 54 32
52 33 55 35
52 56 55 57
52 60 54 62
52 69 61 69
52 71 57 72
52 88 61 88
52 99 60 99
52 102 61 102
52 133 54 135
52 140 56 141
52 146 57 147
52 172 53 175
52 178 56 179
52 181 63 181
52 210 62 210
52 211 60 211
52 230 63 230
52 231 63 231
52 235 57 236
52 248 56 249
53 13 64 13
53 36 55 38
53 49 64 49
53 54 62 54
53 63 62 63
53 64 61 64
53 65 64 65
53 81 64 81
53 111 55 113
53 125 58 126
53 129 56 131
53 148 57 149
53 155 56 157
53 160 55 162
53 168 63 168
53 171 64 171
53 177 61 177
53 182 62 182
53 189 62 189
53 217 54 220
53 223 57 224
53 246 64 246
54 2 62 2
54 3 56 5
54 8 63 8
54 12 62 12
54 15 55 20
54 21 59 22
54 24 57 26
54 44 63 44
54 47 63 47
54 51 65 51
54 52 63 52
54 73 64 73
54 74 58 75
54 82 58 83
54 90 63 90
54 103 58 104
54 106 57 108
54 109 62 109
54 127 65 127
54 136 57 137
54 143 56 145
54 150 58 151
54 154 62 154
54 158 59 159
54 163 62 163
54 172 56 175
54 183 57 184
54 186 64 186
54 191 64 191
54 196 65 196
54 197 63 197
54 202 62 202
54 203 64 203
54 204 62 204
54 212 59 213
54 214 62 214
54 226 57 227
54 239 57 241
54 247 63 247
55 29 56 32
55 55 64 55
55 60 57 62
55 66 64 66
55 84 59 85
55 86 63 86
55 89 65 89
55 118 64 118
55 132 57 135
55 152 66 152
55 169 60 170
55 176 63 176
55 190 66 190
55 198 66 198
55 215 56 220
55 229 66 229
55 233 63 233
55 242 66 242
56 0 65 0
56 15 57 19
56 20 65 20
56 27 67 27
56 28 65 28
56 33 57 37
56 38 67 38
56 42 61 43
56 45 67 45
56 48 64 48
56 56 57 59
56 78 67 78
56 87 64 87
56 92 67 92
56 93 65 93
56 94 66 94
56 100 67 100
56 101 64 101
56 105 64 105
56 111 57 115
56 122 61 123
56 138 67 138
56 160 59 162
56 164 64 164
56 185 64 185
56 195 67 195
56 200 64 200
56 206 64 206
56 238 66 238
57 3 65 3
57 4 61 5
57 29 65 29
57 30 59 32
57 110 66 110
57 119 65 119
57 129 60 131
57 139 60 141
57 143 67 143
57 144 62 145
57 155 59 157
57 172 61 173
57 174 62 175
57 178 60 179
57 207 68 207
57 215 58 219
57 220 68 220
57 245 68 245
57 248 61 249
58 10 62 11
58 15 59 18
58 19 67 19
58 24 60 26
58 33 59 37
58 46 66 46
58 50 69 50
58 53 69 53
58 56 59 60
58 61 63 62
58 70 62 71
58 72 68 72
58 79 62 80
58 91 67 91
58 95 66 95
58 97 68 97
58 106 63 107
58 108 67 108
58 111 63 112
58 113 62 114
58 124 69 124
58 132 59 137
58 146 61 148
58 149 67 149
58 183 69 183
58 184 68 184
58 187 69 187
58 208 69 208
58 223 62 224
58 225 60 228
58 232 66 232
58 235 69 235
58 239 61 241
58 244 67 244
59 9 69 9
59 74 63 75
59 82 63 83
59 103 70 103
59 104 67 104
59 125 67 125
59 126 68 126
59 150 63 151
59 180 67 180
59 192 64 193
59 199 69 199
59 201 70 201
59 215 62 217
59 218 64 219
60 1 71 1
60 14 68 14
60 15 70 15
60 16 62 18
60 21 63 22
60 30 61 35
60 36 64 37
60 40 69 40
60 41 71 41
60 56 61 60
60 67 68 67
60 84 64 85
60 116 65 117
60 121 70 121
60 132 62 135
60 136 64 137
60 142 69 142
60 153 70 153
60 155 60 162
60 165 71 165
60 188 68 188
60 194 68 194
60 205 70 205
60 212 65 213
61 24 66 25
61 26 71 26
61 68 72 68
61 99 72 99
61 120 70 120
61 129 64 131
61 139 63 141
61 155 62 159
61 160 64 162
61 166 72 166
61 169 71 169
61 178 66 179
61 221 66 222
61 225 63 228
61 234 69 234
62 4 71 4
62 5 73 5
62 7 70 7
62 30 63 35
62 39 71 39
62 42 67 43
62 56 63 59
62 64 72 64
62 69 70 69
62 76 70 76
62 88 73 88
62 102 71 102
62 122 67 123
62 146 65 147
62 148 72 148
62 167 70 167
62 172 66 173
62 177 72 177
62 211 73 211
62 239 64 241
62 248 66 249
63 2 74 2
63 10 67 11
63 12 71 12
63 16 66 18
63 54 74 54
63 63 71 63
63 70 67 71
63 79 67 80
63 98 71 98
63 109 73 109
63 113 68 114
63 128 74 128
63 132 65 134
63 135 74 135
63 144 67 145
63 154 68 155
63 156 66 158
63 159 74 159
63 163 71 163
63 174 67 175
63 189 74 189
63 202 71 202
63 204 74 204
63 210 71 210
63 214 64 217
63 223 67 224
63 243 71 243
64 8 72 8
64 22 68 23
64 30 68 31
64 32 66 35
64 44 72 44
64 47 75 47
64 56 66 59
64 61 68 62
64 74 69 75
64 82 74 82
64 83 72 83
64 86 72 86
64 90 74 90
64 106 67 107
64 112 73 112
64 139 66 141
64 150 69 151
64 168 74 168
64 176 72 176
64 181 68 182
64 197 73 197
64 225 65 228
64 230 68 231
64 237 75 237
64 247 75 247
65 36 68 37
65 48 68 49
65 55 74 55
65 66 75 66
65 73 76 73
65 81 76 81
65 84 69 85
65 87 75 87
65 96 76 96
65 101 73 101
65 115 76 115
65 118 73 118
65 129 70 130
65 136 70 137
65 160 69 161
65 162 75 162
65 164 76 164
65 170 69 171
65 186 74 186
65 191 67 193
65 203 74 203
65 206 75 206
65 214 66 219
65 233 76 233
65 239 68 241
65 246 76 246
66 0 74 0
66 3 77 3
66 6 77 6
66 13 77 13
66 20 70 21
66 28 77 28
66 29 77 29
66 51 75 51
66 52 77 52
66 89 74 89
66 93 75 93
66 111 77 111
66 116 71 117
66 127 75 127
66 131 67 134
66 146 70 147
66 196 77 196
66 209 77 209
66 212 75 212
66 213 74 213
66 225 71 226
66 227 70 228
67 16 71 17
67 18 77 18
67 24 76 24
67 25 75 25
67 32 69 34
67 35 75 35
67 46 78 46
67 56 68 60
67 77 78 77
67 94 71 95
67 110 75 110
67 139 69 141
67 152 77 152
67 156 70 158
67 172 72 173
67 178 76 178
67 179 77 179
67 190 76 190
67 198 78 198
67 200 78 200
67 214 68 219
67 221 70 222
67 229 77 229
67 232 76 232
67 236 78 236
67 238 78 238
67 242 78 242
67 248 76 248
67 249 77 249
68 10 73 11
68 19 79 19
68 38 79 38
68 42 77 42
68 71 77 71
68 78 71 80
68 91 72 92
68 100 79 100
68 104 70 107
68 119 79 119
68 122 71 123
68 131 70 133
68 138 78 138
68 143 71 145
68 149 76 149
68 175 78 175
68 180 78 180
68 191 73 192
68 193 76 193
68 195 76 195
68 223 79 223
69 14 79 14
69 30 74 31
69 36 74 37
69 45 80 45
69 48 73 49
69 56 70 60
69 61 73 62
69 67 78 67
69 72 78 72
69 97 78 97
69 113 74 114
69 125 73 126
69 154 80 154
69 174 80 174
69 181 79 181
69 184 73 185
69 188 80 188
69 194 80 194
69 207 80 207
69 214 70 219
69 220 79 220
69 224 80 224
69 230 72 231
69 239 71 241
69 244 74 245
70 9 78 9
70 22 74 23
70 32 72 34
70 40 78 40
70 53 79 53
70 65 81 65
70 84 73 85
70 124 78 124
70 139 72 141
70 142 78 142
70 150 81 150
70 151 79 151
70 160 74 161
70 170 75 171
70 183 78 183
70 187 78 187
70 208 78 208
70 234 74 235
71 15 80 15
71 21 80 21
71 43 82 43
71 56 72 60
71 69 81 69
71 74 73 76
71 103 73 106
71 107 76 108
71 129 73 131
71 132 73 134
71 136 79 136
71 137 81 137
71 146 76 147
71 153 82 153
71 156 81 156
71 157 80 157
71 158 80 158
71 167 82 167
71 205 79 205
71 214 72 219
71 221 76 222
71 227 80 227
71 228 79 228
72 1 81 1
72 4 83 4
72 7 83 7
72 12 83 12
72 16 77 17
72 20 83 20
72 39 83 39
72 63 83 63
72 78 77 79
72 80 82 80
72 94 83 94
72 95 81 95
72 98 83 98
72 102 81 102
72 116 82 116
72 120 73 123
72 143 74 145
72 163 80 163
72 165 82 165
72 169 83 169
72 201 77 202
72 210 83 210
72 225 76 226
72 243 83 243
73 8 81 8
73 32 75 34
73 41 84 41
73 44 82 44
73 50 84 50
73 56 75 59
73 60 84 60
73 64 82 64
73 68 82 68
73 83 84 83
73 86 83 86
73 91 77 92
73 99 84 99
73 139 75 141
73 148 83 148
73 166 81 166
73 172 82 172
73 173 82 173
73 176 77 177
73 214 84 214
73 215 76 217
73 218 82 218
73 219 83 219
73 230 77 231
74 5 82 5
74 10 82 10
74 11 83 11
74 26 85 26
74 27 85 27
74 48 79 49
74 61 78 62
74 74 78 75
74 84 83 84
74 85 85 85
74 88 84 88
74 101 85 101
74 103 76 106
74 109 82 109
74 112 82 112
74 118 85 118
74 120 79 121
74 123 82 123
74 125 77 126
74 129 75 133
74 134 82 134
74 184 79 185
74 191 78 192
74 197 84 197
74 211 85 211
75 0 85 0
75 22 78 23
75 30 79 31
75 36 78 37
75 54 80 55
75 82 84 82
75 89 80 90
75 114 84 114
75 128 85 128
75 135 84 135
75 143 77 145
75 159 77 161
75 168 84 168
75 189 86 189
75 203 79 204
75 213 86 213
75 234 84 234
75 235 83 235
75 239 86 239
75 244 80 245
76 2 87 2
76 25 85 25
76 32 78 34
76 35 87 35
76 51 84 51
76 56 87 56
76 57 85 57
76 58 80 59
76 66 84 66
76 93 85 93
76 110 87 110
76 122 87 122
76 127 85 127
76 129 77 133
76 139 78 141
76 155 87 155
76 162 84 162
76 170 81 171
76 206 86 206
76 212 84 212
76 237 84 237
76 247 84 247
77 24 86 24
77 47 88 47
77 73 87 73
77 81 86 81
77 96 85 96
77 103 78 108
77 115 85 115
77 146 81 147
77 149 86 149
77 164 85 164
77 178 85 178
77 190 85 190
77 193 85 193
77 215 86 215
77 216 82 217
77 221 88 221
77 222 87 222
77 225 81 226
77 232 82 233
77 246 86 246
77 248 88 248
78 3 89 3
78 6 86 6
78 13 89 13
78 16 82 17
78 18 86 18
78 28 88 28
78 29 87 29
78 42 86 42
78 52 89 52
78 70 83 71
78 78 83 79
78 91 83 92
78 111 88 111
78 125 86 125
78 126 86 126
78 129 79 133
78 143 88 143
78 144 83 145
78 152 87 152
78 159 80 161
78 176 82 177
78 179 87 179
78 199 89 199
78 201 89 201
78 202 88 202
78 209 86 209
78 229 80 231
78 241 89 241
78 249 87 249
79 9 89 9
79 22 82 23
79 33 84 34
79 36 83 37
79 40 89 40
79 46 90 46
79 62 90 62
79 74 81 77
79 87 90 87
79 97 90 97
79 103 80 108
79 117 90 117
79 124 88 124
79 138 81 140
79 141 90 141
79 142 90 142
79 175 87 175
79 180 87 180
79 183 90 183
79 186 90 186
79 187 89 187
79 191 83 192
79 198 87 198
79 200 90 200
79 208 88 208
79 236 88 236
79 238 89 238
79 240 90 240
79 242 90 242
80 14 91 14
80 19 89 19
80 30 89 30
80 31 85 32
80 38 91 38
80 48 84 49
80 72 91 72
80 100 91 100
80 113 91 113
80 119 89 119
80 121 88 121
80 129 81 133
80 136 89 136
80 151 90 151
80 181 85 182
80 184 88 184
80 203 82 205
80 220 88 220
80 223 89 223
80 228 89 228
81 21 89 21
81 53 83 55
81 58 86 59
81 61 92 61
81 67 92 67
81 89 84 90
81 103 83 106
81 107 89 107
81 108 90 108
81 154 89 154
81 157 82 161
81 163 91 163
81 174 91 174
81 194 92 194
81 207 92 207
81 224 89 224
81 227 89 227
81 229 86 230
81 231 90 231
81 244 85 245
82 1 92 1
82 8 91 8
82 65 92 65
82 69 92 69
82 74 84 77
82 95 93 95
82 129 83 133
82 137 87 138
82 139 87 140
82 146 87 147
82 150 90 150
82 156 91 156
82 166 90 166
82 170 86 171
82 188 93 188
82 225 87 226
83 5 94 5
83 15 87 16
83 17 93 17
83 22 87 23
83 43 87 44
83 64 94 64
83 80 94 80
83 109 91 109
83 112 93 112
83 116 94 116
83 123 91 123
83 134 92 134
83 153 94 153
83 157 84 161
83 165 91 165
83 172 87 173
83 176 88 177
83 195 94 195
83 203 85 205
83 216 85 218
83 232 88 233
84 4 93 4
84 7 94 7
84 10 87 12
84 20 95 20
84 36 89 37
84 39 95 39
84 45 95 45
84 53 89 54
84 63 92 63
84 70 89 71
84 78 88 79
84 84 92 84
84 86 92 86
84 91 93 91
84 92 94 92
84 94 92 94
84 98 93 98
84 102 86 104
84 105 89 106
84 129 87 131
84 132 89 133
84 144 88 145
84 148 95 148
84 167 95 167
84 169 92 169
84 185 95 185
84 191 88 192
84 210 94 210
84 219 93 219
84 235 95 235
84 243 95 243
85 33 89 34
85 48 87 50
85 51 93 51
85 60 93 60
85 66 93 66
85 74 88 76
85 77 94 77
85 82 88 83
85 88 89 89
85 99 96 99
85 114 96 114
85 120 96 120
85 135 96 135
85 157 86 162
85 168 93 168
85 196 90 197
85 212 96 212
85 214 96 214
85 234 96 234
85 237 93 237
85 247 95 247
86 0 97 0
86 25 88 27
86 31 97 31
86 55 97 55
86 57 97 57
86 85 96 85
86 90 97 90
86 93 96 93
86 96 95 96
86 115 94 115
86 118 94 118
86 128 95 128
86 164 95 164
86 178 95 178
86 181 90 182
86 190 94 190
86 193 97 193
86 203 88 205
86 211 97 211
86 216 89 217
86 218 97 218
86 244 90 245
87 6 98 6
87 18 96 18
87 32 98 32
87 41 90 42
87 58 90 59
87 101 90 103
87 104 97 104
87 125 89 127
87 149 96 149
87 157 89 159
87 161 92 162
87 170 90 171
87 189 95 189
87 206 97 206
87 209 98 209
87 213 96 213
87 229 91 230
87 239 98 239
87 246 98 246
88 2 96 2
88 10 90 12
88 15 91 16
88 22 91 23
88 29 99 29
88 35 97 35
88 48 91 50
88 56 96 56
88 73 96 73
88 81 99 81
88 122 98 122
88 129 90 131
88 137 93 138
88 139 93 140
88 147 97 147
88 152 98 152
88 155 99 155
88 172 92 173
88 179 92 180
88 198 99 198
88 222 99 222
88 225 92 226
88 249 97 249
89 24 90 28
89 47 97 47
89 74 91 76
89 78 93 79
89 82 98 82
89 83 100 83
89 124 99 124
89 143 91 145
89 175 92 177
89 191 100 191
89 192 98 192
89 202 97 202
89 203 91 205
89 208 97 208
89 220 92 221
89 232 93 233
89 236 98 236
89 248 98 248
90 3 100 3
90 9 101 9
90 13 99 13
90 19 99 19
90 30 98 30
90 33 100 33
90 36 99 36
90 37 100 37
90 40 98 40
90 52 94 53
90 54 101 54
90 68 101 68
90 70 94 71
90 88 94 89
90 105 92 107
90 111 101 111
90 119 101 119
90 125 95 126
90 127 98 127
90 132 95 133
90 136 99 136
90 154 101 154
90 157 93 159
90 187 100 187
90 199 101 199
90 201 101 201
90 216 95 217
90 223 95 224
90 227 99 227
90 228 98 228
90 238 98 238
90 241 101 241
91 10 96 11
91 12 99 12
91 24 92 28
91 41 94 43
91 46 100 46
91 62 100 62
91 87 102 87
91 97 100 97
91 102 96 103
91 108 102 108
91 117 102 117
91 129 93 131
91 141 95 142
91 151 102 151
91 160 102 160
91 166 102 166
91 170 94 171
91 181 92 184
91 186 99 186
91 196 95 197
91 200 102 200
91 215 102 215
91 231 102 231
91 240 101 240
91 242 102 242
91 244 100 244
91 245 102 245
92 8 102 8
92 14 95 16
92 21 94 23
92 34 103 34
92 38 103 38
92 48 95 50
92 58 96 59
92 72 100 72
92 74 94 76
92 100 102 100
92 101 103 101
92 109 97 110
92 123 101 123
92 143 97 144
92 145 100 145
92 146 103 146
92 165 103 165
92 174 101 174
92 203 96 204
92 205 102 205
92 229 96 230
93 1 101 1
93 24 94 28
93 44 104 44
93 61 103 61
93 63 104 63
93 65 102 65
93 67 104 67
93 69 104 69
93 84 103 84
93 86 101 86
93 105 95 107
93 134 103 134
93 161 95 163
93 169 104 169
93 172 96 173
93 175 95 177
93 179 94 183
93 184 104 184
93 194 103 194
93 207 101 207
93 221 104 221
93 225 97 226
94 4 103 4
94 17 105 17
94 51 104 51
94 60 102 60
94 66 103 66
94 78 102 78
94 79 104 79
94 91 103 91
94 94 105 94
94 95 105 95
94 98 105 98
94 112 99 113
94 129 99 130
94 131 102 131
94 137 95 140
94 156 96 158
94 159 103 159
94 168 103 168
94 188 105 188
94 219 102 219
94 220 105 220
94 232 98 233
95 5 105 5
95 7 105 7
95 21 96 25
95 26 99 27
95 41 98 43
95 52 103 52
95 53 103 53
95 64 106 64
95 70 106 70
95 74 96 77
95 80 103 80
95 88 100 89
95 92 103 92
95 115 103 115
95 116 106 116
95 118 103 118
95 150 106 150
95 170 100 171
95 179 97 182
95 183 106 183
95 190 104 190
95 195 104 195
95 210 106 210
95 237 106 237
96 14 98 16
96 20 106 20
96 39 105 39
96 45 104 45
96 48 98 50
96 96 107 96
96 105 98 107
96 125 105 125
96 126 107 126
96 132 100 133
96 137 97 141
96 142 104 142
96 161 98 163
96 164 104 164
96 167 107 167
96 175 98 177
96 178 105 178
96 185 106 185
96 189 104 189
96 196 99 197
96 216 100 217
96 223 107 223
96 224 107 224
96 235 106 235
96 243 105 243
96 247 105 247
97 2 107 2
97 10 102 11
97 21 98 24
97 25 107 25
97 56 107 56
97 58 100 59
97 71 108 71
97 73 98 77
97 85 105 85
97 93 108 93
97 102 106 102
97 103 107 103
97 120 100 121
97 135 105 135
97 148 101 149
97 156 99 158
97 172 107 172
97 203 108 203
97 204 107 204
97 212 99 214
97 229 102 230
97 234 105 234
98 31 108 31
98 35 106 35
98 57 109 57
98 104 109 104
98 109 103 110
98 128 109 128
98 137 99 140
98 141 108 141
98 143 103 144
98 147 108 147
98 153 109 153
98 179 101 181
98 182 108 182
98 193 106 193
98 202 106 202
98 206 109 206
98 208 109 208
98 211 106 211
98 218 109 218
98 225 103 226
99 6 107 6
99 14 101 16
99 21 102 23
99 24 109 24
99 30 110 30
99 32 109 32
99 40 110 40
99 41 102 43
99 47 101 50
99 55 110 55
99 73 100 77
99 82 107 82
99 105 101 107
99 122 108 122
99 127 109 127
99 152 109 152
99 161 103 162
99 163 110 163
99 175 110 175
99 176 110 176
99 177 110 177
99 192 108 192
99 209 108 209
99 228 107 228
99 232 102 233
99 236 109 236
99 238 104 239
99 246 110 246
99 248 103 249
100 0 111 0
100 12 105 13
100 19 110 19
100 26 101 29
100 36 108 36
100 112 104 113
100 124 108 124
100 129 104 130
100 136 101 139
100 140 111 140
100 155 102 157
100 158 108 158
100 173 111 173
100 186 108 186
100 196 102 198
100 212 102 214
100 222 111 222
100 227 109 227
101 3 111 3
101 33 109 33
101 37 110 37
101 46 109 46
101 58 104 59
101 62 112 62
101 72 105 73
101 74 104 76
101 77 109 77
101 83 111 83
101 88 103 90
101 97 109 97
101 114 112 114
101 120 105 121
101 132 106 133
101 145 109 145
101 170 106 171
101 187 110 187
101 191 109 191
101 216 104 217
101 244 110 244
102 1 110 1
102 9 113 9
102 14 104 16
102 26 107 27
102 28 106 29
102 47 103 50
102 54 112 54
102 68 113 68
102 81 113 81
102 86 110 86
102 105 110 105
102 106 107 107
102 111 110 111
102 119 111 119
102 123 113 123
102 136 105 138
102 148 106 149
102 154 110 154
102 174 110 174
102 179 104 181
102 199 112 199
102 201 110 201
102 207 110 207
102 240 106 241
103 21 105 23
103 41 105 43
103 65 113 65
103 78 113 78
103 87 111 87
103 99 108 100
103 108 114 108
103 117 112 117
103 131 112 131
103 151 112 151
103 155 105 157
103 166 113 166
103 196 107 197
103 198 114 198
103 200 114 200
103 205 112 205
103 212 105 214
103 215 111 215
103 229 104 233
103 242 112 242
103 245 111 245
104 4 113 4
104 11 115 11
104 34 113 34
104 38 114 38
104 47 106 49
104 50 112 50
104 52 115 52
104 53 113 53
104 60 108 61
104 66 115 66
104 80 113 80
104 84 112 84
104 88 105 91
104 92 113 92
104 101 112 101
104 109 107 110
104 115 112 115
104 134 112 134
104 139 115 139
104 143 108 144
104 146 112 146
104 160 108 161
104 162 113 162
104 165 115 165
104 168 113 168
104 194 115 194
104 225 107 226
104 248 113 248
105 14 110 15
105 16 116 16
105 18 116 18
105 44 116 44
105 45 116 45
105 58 108 59
105 63 114 63
105 69 116 69
105 74 108 76
105 79 116 79
105 112 109 113
105 129 116 129
105 130 114 130
105 142 113 142
105 179 108 181
105 184 114 184
105 189 109 190
105 195 114 195
105 216 110 217
105 219 116 219
105 221 114 221
105 229 106 233
105 239 113 239
106 5 115 5
106 7 111 8
106 12 110 13
106 17 116 17
106 21 110 22
106 23 116 23
106 39 114 39
106 41 108 43
106 51 117 51
106 67 117 67
106 72 109 73
106 85 114 85
106 88 108 90
106 91 115 91
106 94 109 95
106 98 117 98
106 120 109 121
106 125 114 125
106 135 108 138
106 155 108 157
106 169 117 169
106 188 117 188
106 212 108 214
106 220 115 220
106 243 115 243
106 247 117 247
107 10 118 10
107 28 115 28
107 35 116 35
107 47 109 49
107 64 116 64
107 102 115 102
107 116 116 116
107 118 118 118
107 132 110 133
107 148 110 150
107 170 118 170
107 171 118 171
107 178 118 178
107 183 116 183
107 185 115 185
107 193 115 193
107 202 115 202
107 210 118 210
107 211 115 211
107 229 108 234
107 235 117 235
107 237 112 238
107 240 111 241
108 2 116 2
108 6 118 6
108 25 110 27
108 56 119 56
108 82 116 82
108 96 116 96
108 106 112 107
108 109 112 110
108 159 119 159
108 167 116 167
108 172 116 172
108 196 113 197
108 204 118 204
108 223 109 226
108 228 117 228
108 249 119 249
109 20 120 20
109 31 119 31
109 36 120 36
109 41 111 43
109 58 112 60
109 61 120 61
109 70 114 71
109 74 113 75
109 76 120 76
109 88 111 90
109 93 120 93
109 99 118 99
109 100 119 100
109 103 120 103
109 122 117 122
109 124 117 124
109 135 110 138
109 143 117 143
109 144 117 144
109 147 117 147
109 155 111 158
109 160 114 161
109 179 111 181
109 182 118 182
109 186 119 186
109 192 119 192
109 203 117 203
109 209 117 209
109 212 111 214
109 229 112 231
109 233 117 233
110 24 119 24
110 29 121 29
110 32 121 32
110 33 121 33
110 46 111 49
110 57 121 57
110 72 114 73
110 77 119 77
110 94 118 94
110 95 118 95
110 97 120 97
110 104 118 104
110 112 118 112
110 113 120 113
110 120 114 121
110 127 118 127
110 128 121 128
110 145 121 145
110 152 114 153
110 164 121 164
110 189 112 191
110 206 119 206
110 208 119 208
110 223 112 226
110 227 118 227
110 232 121 232
110 236 118 236
111 1 120 1
111 12 114 14
111 15 119 15
111 19 119 19
111 21 114 22
111 25 114 27
111 30 119 30
111 37 121 37
111 40 122 40
111 55 121 55
111 86 121 86
111 105 120 105
111 111 119 111
111 126 122 126
111 132 120 132
111 133 122 133
111 135 113 138
111 149 122 149
111 154 121 154
111 163 121 163
111 174 119 174
111 175 114 177
111 187 119 187
111 201 119 201
111 207 122 207
111 216 121 216
111 217 116 218
111 244 120 244
111 246 122 246
112 0 123 0
112 3 121 3
112 7 116 8
112 41 115 42
112 43 123 43
112 46 115 48
112 49 123 49
112 83 120 83
112 87 113 90
112 119 120 119
112 140 121 140
112 148 123 148
112 155 114 158
112 173 121 173
112 179 114 181
112 212 114 214
112 222 121 222
112 240 123 240
112 241 121 241
112 245 121 245
113 50 121 50
113 54 124 54
113 58 115 60
113 62 123 62
113 84 123 84
113 101 121 101
113 106 118 107
113 109 124 109
113 110 121 110
113 114 116 115
113 117 123 117
113 131 122 131
113 134 122 134
113 146 121 146
113 150 124 150
113 151 122 151
113 189 117 190
113 191 121 191
113 199 123 199
113 205 121 205
113 215 124 215
113 223 115 226
113 229 115 231
113 234 124 234
113 237 117 238
113 242 123 242
114 9 122 9
114 34 125 34
114 53 124 53
114 65 125 65
114 68 122 68
114 74 118 75
114 78 123 78
114 80 118 81
114 87 117 88
114 89 125 89
114 92 123 92
114 123 124 123
114 135 116 137
114 138 122 138
114 141 125 141
114 162 122 162
114 166 125 166
114 168 125 168
114 196 117 197
114 239 124 239
114 248 122 248
115 13 120 14
115 21 118 22
115 25 117 27
115 38 120 39
115 63 126 63
115 70 116 73
115 85 125 85
115 108 124 108
115 120 119 121
115 125 123 125
115 130 126 130
115 142 126 142
115 152 118 153
115 155 117 158
115 160 119 161
115 175 118 177
115 179 126 179
115 180 120 181
115 184 124 184
115 195 126 195
115 198 123 198
115 200 126 200
115 212 117 214
115 221 123 221
116 4 121 5
116 11 126 11
116 28 127 28
116 41 120 42
116 46 121 47
116 48 126 48
116 52 127 52
116 58 119 60
116 66 125 66
116 90 120 91
116 102 127 102
116 139 126 139
116 165 127 165
116 185 124 185
116 193 120 194
116 211 124 211
116 223 118 226
116 229 119 231
116 243 127 243
117 2 125 2
117 7 122 8
117 16 128 16
117 17 120 18
117 35 127 35
117 44 125 44
117 45 126 45
117 64 128 64
117 69 119 72
117 82 128 82
117 96 125 96
117 114 120 116
117 129 126 129
117 135 120 137
117 167 127 167
117 172 128 172
117 183 125 183
117 217 122 218
117 219 126 219
118 25 120 27
118 51 127 51
118 67 126 67
118 79 129 79
118 87 121 88
118 98 127 98
118 122 129 122
118 124 127 124
118 143 121 144
118 147 126 147
118 155 120 157
118 158 127 158
118 188 121 190
118 196 121 197
118 202 122 203
118 209 129 209
118 212 121 214
118 220 129 220
118 228 126 228
118 233 126 233
118 235 127 235
118 237 123 238
118 247 129 247
119 6 130 6
119 10 130 10
119 21 122 23
119 73 124 74
119 75 127 75
119 80 128 80
119 81 127 81
119 94 123 95
119 99 128 99
119 104 129 104
119 106 127 106
119 107 130 107
119 112 127 112
119 118 128 118
119 127 128 127
119 152 129 152
119 153 130 153
119 170 123 171
119 175 121 177
119 178 130 178
119 182 130 182
119 204 127 204
119 210 127 210
119 223 120 227
119 236 130 236
120 15 128 15
120 19 131 19
120 24 131 24
120 30 125 31
120 56 130 56
120 58 122 60
120 69 122 71
120 72 130 72
120 100 128 100
120 111 131 111
120 120 124 121
120 159 122 161
120 174 131 174
120 186 125 187
120 192 131 192
120 201 129 201
120 206 130 206
120 208 130 208
120 229 122 231
120 249 131 249
121 1 131 1
121 12 123 14
121 18 131 18
121 20 129 20
121 25 123 27
121 38 126 39
121 41 126 42
121 61 130 61
121 76 126 77
121 83 130 83
121 91 132 91
121 93 132 93
121 97 130 97
121 103 132 103
121 105 132 105
121 113 123 116
121 119 129 119
121 132 132 132
121 135 124 136
121 137 131 137
121 155 124 157
121 180 125 181
121 193 126 194
121 223 123 226
121 227 132 227
121 244 131 244
122 3 125 5
122 29 130 29
122 37 130 37
122 46 130 46
122 47 131 47
122 50 131 50
122 55 130 55
122 57 132 57
122 86 125 88
122 90 133 90
122 101 130 101
122 110 130 110
122 140 132 140
122 143 124 146
122 163 127 164
122 173 132 173
122 175 127 176
122 177 131 177
122 188 126 189
122 191 130 191
122 196 127 197
122 205 133 205
122 212 127 213
122 214 130 214
122 216 132 216
122 222 133 222
122 232 131 232
122 241 132 241
122 245 130 245
123 7 125 9
123 21 133 21
123 23 134 23
123 32 134 32
123 40 131 40
123 58 125 60
123 68 126 70
123 71 133 71
123 126 132 126
123 131 134 131
123 133 127 134
123 138 131 138
123 151 134 151
123 159 125 162
123 190 134 190
123 202 128 203
123 207 132 207
123 217 127 218
123 229 125 231
123 246 134 246
123 248 134 248
124 12 126 14
124 22 135 22
124 25 127 27
124 43 134 43
124 49 132 49
124 62 134 62
124 84 134 84
124 92 134 92
124 94 128 95
124 113 126 116
124 117 133 117
124 125 134 125
124 128 135 128
124 148 127 149
124 154 135 154
124 169 126 171
124 198 128 199
124 221 133 221
124 223 125 226
124 237 128 238
124 240 133 240
125 36 136 36
125 53 128 54
125 73 130 74
125 78 136 78
125 108 130 109
125 120 130 121
125 135 135 135
125 136 134 136
125 143 127 145
125 146 134 146
125 150 134 150
125 155 128 157
125 184 130 185
125 211 133 211
125 215 133 215
125 234 133 234
125 239 135 239
125 242 136 242
126 0 137 0
126 2 127 5
126 7 128 9
126 30 129 31
126 33 131 34
126 44 137 44
126 58 131 59
126 60 135 60
126 65 131 66
126 85 127 89
126 96 134 96
126 141 134 141
126 159 128 161
126 162 137 162
126 166 137 166
126 168 137 168
126 180 130 181
126 183 136 183
126 186 130 187
126 223 130 224
126 225 131 226
126 230 137 230
126 231 137 231
127 11 129 13
127 14 138 14
127 38 132 39
127 41 131 42
127 48 135 48
127 63 136 63
127 67 138 67
127 68 129 70
127 76 130 77
127 113 129 115
127 116 137 116
127 129 132 130
127 139 136 139
127 142 136 142
127 147 138 147
127 169 129 171
127 179 136 179
127 188 132 189
127 193 130 195
127 200 135 200
127 219 135 219
127 228 137 228
127 229 138 229
127 233 138 233
128 2 129 5
128 25 130 28
128 35 139 35
128 45 139 45
128 51 133 52
128 75 136 75
128 85 130 88
128 89 139 89
128 98 137 98
128 102 137 102
128 106 136 106
128 112 139 112
128 123 131 124
128 133 139 133
128 143 130 145
128 148 137 148
128 149 139 149
128 158 136 158
128 164 132 165
128 167 136 167
128 176 139 176
128 196 139 196
128 197 139 197
128 204 139 204
128 210 136 210
128 212 138 212
128 213 137 213
128 217 136 217
128 218 137 218
128 235 139 235
128 243 139 243
129 7 131 9
129 15 132 17
129 53 132 54
129 64 138 64
129 80 131 82
129 94 140 94
129 95 137 95
129 99 134 100
129 118 140 118
129 155 131 157
129 159 138 159
129 160 140 160
129 161 137 161
129 172 138 172
129 175 140 175
129 198 140 198
129 199 139 199
129 202 134 203
129 237 134 238
130 2 131 5
130 11 133 13
130 20 141 20
130 30 134 31
130 68 132 70
130 79 141 79
130 113 139 113
130 114 141 114
130 119 139 119
130 122 140 122
130 152 141 152
130 169 134 170
130 171 139 171
130 201 138 201
130 209 139 209
130 220 138 220
130 247 140 247
131 6 141 6
131 10 140 10
131 25 132 29
131 37 141 37
131 46 139 46
131 55 142 55
131 56 141 56
131 61 140 61
131 72 136 73
131 74 140 74
131 76 136 77
131 85 132 88
131 97 142 97
131 101 141 101
131 107 134 109
131 120 136 121
131 127 142 127
131 143 142 143
131 144 136 145
131 153 142 153
131 163 142 163
131 178 142 178
131 180 133 182
131 184 133 187
131 191 139 191
131 193 142 193
131 194 142 194
131 195 139 195
131 206 142 206
131 208 139 208
131 214 142 214
131 223 134 224
131 236 140 236
131 245 139 245
132 1 134 3
132 4 137 5
132 7 134 9
132 18 135 19
132 24 143 24
132 34 140 34
132 40 134 42
132 50 140 50
132 58 135 59
132 65 140 65
132 66 142 66
132 80 141 80
132 123 136 124
132 137 136 138
132 155 134 157
132 192 140 192
132 225 136 226
132 244 143 244
132 249 140 249
133 15 136 17
133 25 136 27
133 28 137 29
133 38 144 38
133 39 144 39
133 49 144 49
133 53 138 54
133 57 144 57
133 68 136 70
133 82 144 82
133 83 144 83
133 85 135 87
133 88 144 88
133 103 135 105
133 115 144 115
133 126 142 126
133 129 138 130
133 132 142 132
133 140 142 140
133 164 137 165
133 173 137 174
133 188 136 189
133 216 143 216
133 227 141 227
133 241 142 241
134 11 136 13
134 51 137 52
134 71 145 71
134 90 138 91
134 93 145 93
134 110 139 111
134 117 144 117
134 180 137 182
134 184 136 187
134 207 145 207
134 211 145 211
134 215 144 215
134 221 139 222
134 234 143 234
134 240 142 240
135 1 146 1
135 2 139 3
135 7 138 9
135 23 146 23
135 30 138 32
135 40 138 42
135 43 146 43
135 62 145 62
135 92 144 92
135 96 146 96
135 99 140 100
135 107 137 109
135 125 143 125
135 131 143 131
135 141 143 141
135 150 140 151
135 155 138 157
135 169 140 170
135 190 146 190
135 202 144 202
135 203 143 203
135 205 146 205
135 223 139 224
135 237 140 238
135 246 144 246
135 248 146 248
136 18 141 19
136 22 147 22
136 48 144 48
136 58 138 60
136 84 137 87
136 103 139 105
136 128 144 128
136 134 139 136
136 146 147 146
136 154 144 154
136 177 147 177
136 200 146 200
136 219 144 219
136 232 147 232
136 239 147 239
137 11 140 13
137 15 140 17
137 21 148 21
137 25 139 27
137 36 145 36
137 47 148 47
137 63 148 63
137 68 139 70
137 72 141 73
137 75 140 77
137 106 146 106
137 121 146 121
137 123 145 123
137 137 140 139
137 144 141 145
137 158 148 158
137 167 145 167
137 179 148 179
137 183 139 186
137 187 140 189
137 210 145 210
137 217 148 217
137 225 141 226
137 242 146 242
138 0 149 0
138 4 142 5
138 28 143 29
138 44 149 44
138 51 143 52
138 84 140 86
138 95 146 95
138 98 146 98
138 102 146 102
138 107 140 109
138 116 147 116
138 120 149 120
138 124 149 124
138 142 149 142
138 161 146 161
138 162 149 162
138 164 140 166
138 168 149 168
138 173 143 174
138 180 141 182
138 213 147 213
138 218 148 218
138 228 147 228
138 230 146 230
139 7 141 9
139 14 147 14
139 30 142 32
139 40 143 41
139 42 147 42
139 53 143 54
139 58 141 60
139 64 147 64
139 67 150 67
139 78 150 78
139 87 150 87
139 90 144 91
139 129 144 130
139 147 142 148
139 155 142 157
139 159 150 159
139 172 150 172
139 201 147 201
139 212 147 212
139 220 150 220
139 229 150 229
139 233 148 233
140 2 144 3
140 26 144 27
140 45 148 45
140 46 151 46
140 68 143 69
140 70 150 70
140 89 148 89
140 103 142 105
140 110 141 113
140 119 148 119
140 133 142 136
140 171 149 171
140 176 148 176
140 183 142 186
140 191 149 191
140 195 142 197
140 199 148 199
140 204 151 204
140 208 145 209
140 221 149 221
140 222 142 224
140 235 151 235
140 245 151 245
141 10 144 12
141 13 149 13
141 15 143 17
141 25 152 25
141 34 144 35
141 61 150 61
141 65 149 65
141 74 143 76
141 77 149 77
141 84 144 86
141 94 149 94
141 99 150 99
141 100 150 100
141 107 146 108
141 109 149 109
141 118 152 118
141 122 151 122
141 137 144 139
141 149 143 151
141 160 150 160
141 164 143 166
141 175 149 175
141 187 143 189
141 192 152 192
141 198 152 198
141 236 145 237
141 247 152 247
141 249 152 249
142 6 144 9
142 18 147 19
142 20 153 20
142 33 153 33
142 37 152 37
142 50 153 50
142 56 153 56
142 58 144 60
142 72 153 72
142 79 150 79
142 80 146 81
142 101 152 101
142 110 145 112
142 113 150 113
142 114 150 114
142 144 145 145
142 152 153 152
142 169 153 169
142 180 145 182
142 225 144 227
143 4 148 5
143 30 145 32
143 66 154 66
143 73 154 73
143 97 152 97
143 103 146 104
143 127 154 127
143 132 145 135
143 136 151 136
143 140 153 140
143 143 151 143
143 147 147 148
143 153 154 153
143 155 154 155
143 157 154 157
143 163 151 163
143 178 152 178
143 183 145 185
143 186 154 186
143 193 145 195
143 196 151 196
143 214 152 214
143 222 146 224
143 240 147 241
144 15 146 17
144 24 154 24
144 28 149 29
144 40 149 41
144 51 145 55
144 68 148 69
144 74 146 76
144 125 155 125
144 126 155 126
144 131 155 131
144 141 152 141
144 149 146 151
144 164 146 166
144 173 155 173
144 174 154 174
144 187 147 189
144 203 153 203
144 216 155 216
144 234 154 234
144 238 155 238
145 2 150 3
145 6 146 10
145 11 149 12
145 26 156 26
145 27 154 27
145 34 148 35
145 38 156 38
145 39 153 39
145 48 155 48
145 57 146 60
145 82 147 84
145 85 150 86
145 88 155 88
145 90 150 91
145 92 156 92
145 117 155 117
145 128 147 130
145 137 147 139
145 202 153 202
145 206 156 206
145 215 155 215
145 219 156 219
145 225 148 227
145 246 153 246
146 30 148 32
146 36 154 36
146 51 147 55
146 62 154 62
146 71 157 71
146 110 149 112
146 123 155 123
146 132 148 135
146 144 154 144
146 145 157 145
146 167 154 167
146 180 147 185
146 193 148 195
146 207 149 209
146 210 150 211
146 237 157 237
146 243 157 243
147 1 156 1
147 6 151 7
147 8 152 9
147 10 158 10
147 15 150 16
147 17 156 17
147 23 156 23
147 43 156 43
147 49 158 49
147 57 152 58
147 59 155 59
147 60 155 60
147 74 152 75
147 76 157 76
147 80 158 80
147 81 156 81
147 95 152 96
147 98 155 98
147 102 149 104
147 105 149 107
147 108 156 108
147 115 158 115
147 121 155 121
147 149 149 151
147 154 158 154
147 161 155 161
147 164 149 166
147 200 156 200
147 222 156 222
147 223 152 224
147 230 150 231
147 242 158 242
147 248 155 248
148 14 156 14
148 18 159 18
148 19 157 19
148 22 157 22
148 42 156 42
148 51 150 54
148 55 159 55
148 64 156 64
148 82 151 84
148 93 159 93
148 116 158 116
148 128 151 130
148 137 151 139
148 146 152 147
148 148 156 148
148 177 158 177
148 180 149 184
148 185 157 185
148 187 150 189
148 201 156 201
148 205 159 205
148 212 159 212
148 228 158 228
148 232 159 232
148 239 151 241
149 4 152 5
149 21 160 21
149 30 151 32
149 34 158 34
149 35 160 35
149 45 158 45
149 47 158 47
149 63 157 63
149 68 154 69
149 89 160 89
149 119 158 119
149 132 150 135
149 156 160 156
149 158 160 158
149 170 160 170
149 176 157 176
149 179 160 179
149 190 160 190
149 193 151 195
149 199 160 199
149 217 153 218
149 225 152 227
149 233 158 233
150 0 161 0
150 11 153 13
150 28 154 29
150 40 161 40
150 44 158 44
150 65 161 65
150 94 159 94
150 102 151 107
150 109 152 112
150 120 161 120
150 124 161 124
150 142 158 142
150 149 152 151
150 162 160 162
150 164 152 166
150 168 159 168
150 171 159 171
150 175 158 175
150 180 151 184
150 191 161 191
150 197 161 197
150 207 153 209
150 221 161 221
150 244 161 244
151 2 155 3
151 15 154 16
151 51 156 52
151 53 156 54
151 61 162 61
151 67 159 67
151 70 162 70
151 77 154 79
151 85 154 86
151 87 159 87
151 90 155 91
151 99 155 100
151 113 160 113
151 114 162 114
151 132 154 134
151 159 155 160
151 172 161 172
151 187 155 188
151 189 160 189
151 210 156 211
151 213 162 213
151 220 159 220
151 229 154 231
151 236 162 236
152 6 160 6
152 7 160 7
152 30 156 31
152 32 163 32
152 46 161 46
152 82 155 84
152 102 153 106
152 107 160 107
152 122 162 122
152 128 156 129
152 130 160 130
152 135 154 138
152 139 160 139
152 143 160 143
152 163 161 163
152 180 153 184
152 193 153 196
152 204 161 204
152 235 160 235
152 239 155 241
153 4 158 5
153 8 157 9
153 25 162 25
153 37 164 37
153 41 164 41
153 57 158 58
153 74 157 75
153 95 157 96
153 97 162 97
153 101 162 101
153 109 155 111
153 112 164 112
153 118 164 118
153 146 158 147
153 149 157 150
153 151 161 151
153 164 156 166
153 178 161 178
153 192 164 192
153 198 164 198
153 214 161 214
153 223 155 225
153 226 157 227
153 245 164 245
153 249 161 249
154 11 157 13
154 33 165 33
154 39 163 39
154 50 163 50
154 56 163 56
154 72 163 72
154 102 155 106
154 140 165 140
154 152 165 152
154 169 162 169
154 180 155 184
154 193 155 196
154 202 158 203
154 207 156 209
154 217 165 217
154 218 164 218
154 246 162 246
155 16 166 16
155 24 164 24
155 27 163 27
155 28 159 29
155 36 164 36
155 62 164 62
155 66 163 66
155 68 160 69
155 73 166 73
155 77 159 78
155 79 164 79
155 85 158 86
155 127 163 127
155 132 157 134
155 135 156 138
155 144 166 144
155 153 163 153
155 155 165 155
155 157 163 157
155 167 164 167
155 229 157 231
155 234 165 234
156 2 160 3
156 15 167 15
156 59 160 60
156 82 159 84
156 88 164 88
156 98 158 100
156 102 164 102
156 103 158 106
156 109 158 111
156 117 165 117
156 121 166 121
156 125 166 125
156 126 166 126
156 131 167 131
156 159 159 161
156 173 160 174
156 180 158 183
156 186 158 188
156 193 157 196
156 215 161 216
156 223 158 225
156 238 158 241
156 247 160 248
157 1 165 1
157 14 165 14
157 17 165 17
157 23 165 23
157 30 161 31
157 38 165 38
157 51 159 54
157 64 165 64
157 81 166 81
157 91 168 91
157 92 167 92
157 108 166 108
157 128 162 129
157 135 158 138
157 148 166 148
157 164 159 166
157 200 162 201
157 206 159 209
157 210 165 210
157 211 167 211
157 219 166 219
157 222 167 222
158 8 163 9
158 11 160 13
158 19 166 19
158 22 166 22
158 26 169 26
158 43 169 43
158 63 166 63
158 71 167 71
158 74 167 74
158 75 167 75
158 95 166 95
158 96 166 96
158 132 161 134
158 145 167 145
158 149 161 150
158 176 167 176
158 184 163 185
158 193 160 195
158 196 169 196
158 226 163 227
158 229 160 231
158 237 169 237
158 243 169 243
159 4 170 4
159 5 168 5
159 34 167 34
159 44 168 44
159 45 169 45
159 47 161 49
159 57 162 58
159 76 170 76
159 80 169 80
159 85 163 86
159 98 162 100
159 103 160 106
159 109 162 111
159 115 164 116
159 119 168 119
159 135 161 138
159 141 163 142
159 146 169 146
159 147 170 147
159 154 170 154
159 175 170 175
159 177 168 177
159 180 161 183
159 186 170 186
159 187 164 188
159 202 168 202
159 203 168 203
159 223 162 225
159 228 170 228
159 233 168 233
159 238 160 242
160 42 171 42
160 51 161 55
160 67 171 67
160 77 163 78
160 82 163 84
160 87 171 87
160 93 163 94
160 123 171 123
160 159 162 161
160 164 163 166
160 168 170 168
160 205 161 209
160 220 168 220
160 232 171 232
161 2 166 3
161 6 172 6
161 7 171 7
161 10 162 13
161 18 172 18
161 20 166 21
161 28 164 29
161 35 172 35
161 59 166 60
161 68 166 69
161 89 166 90
161 103 171 103
161 104 172 104
161 105 164 107
161 113 170 113
161 130 170 130
161 139 172 139
161 143 169 143
161 156 172 156
161 158 171 158
161 162 171 162
161 170 166 171
161 174 170 174
161 179 172 179
161 189 165 190
161 193 163 195
161 199 169 199
161 229 164 230
161 231 169 231
161 235 172 235
161 238 163 240
161 241 165 242
161 247 172 247
161 248 169 248
162 30 166 31
162 40 172 40
162 46 164 48
162 51 167 52
162 53 164 55
162 65 173 65
162 120 171 120
162 132 163 137
162 138 173 138
162 149 164 151
162 178 170 178
162 180 163 183
162 191 170 191
162 197 172 197
162 204 163 208
162 214 164 216
162 221 170 221
162 244 173 244
162 249 171 249
163 0 174 0
163 10 165 13
163 25 173 25
163 57 167 58
163 61 174 61
163 70 174 70
163 97 164 101
163 109 166 111
163 114 171 114
163 128 173 128
163 159 165 161
163 169 171 169
163 200 172 200
163 209 174 209
163 213 171 213
163 223 165 225
163 236 171 236
163 246 171 246
164 8 175 8
164 9 175 9
164 27 173 27
164 39 175 39
164 49 168 50
164 56 174 56
164 66 174 66
164 72 172 72
164 77 168 78
164 82 165 86
164 93 169 94
164 127 172 127
164 132 165 136
164 137 172 137
164 141 175 141
164 142 172 142
164 153 174 153
164 157 173 157
164 163 167 165
164 166 174 166
164 172 167 173
164 180 165 185
164 193 167 195
164 204 165 208
164 226 167 227
164 238 168 239
164 240 172 240
165 28 174 28
165 29 174 29
165 36 170 37
165 46 175 46
165 47 175 47
165 48 174 48
165 53 168 55
165 62 174 62
165 79 176 79
165 88 174 88
165 97 166 102
165 105 168 107
165 115 170 116
165 118 174 118
165 149 170 150
165 151 174 151
165 167 176 167
165 187 170 188
165 198 176 198
165 201 176 201
165 214 167 216
165 218 176 218
165 229 169 230
165 245 175 245
166 1 176 1
166 10 167 14
166 23 169 24
166 38 177 38
166 41 177 41
166 64 176 64
166 82 176 82
166 83 168 85
166 86 176 86
166 129 177 129
166 132 171 133
166 134 171 135
166 136 176 136
166 152 176 152
166 155 176 155
166 161 176 161
166 180 169 182
166 183 168 185
166 189 170 190
166 204 167 208
166 210 177 210
166 212 177 212
166 217 177 217
166 223 176 223
166 224 170 225
166 234 175 234
166 241 169 242
167 3 176 3
167 19 169 21
167 22 175 22
167 30 175 30
167 31 178 31
167 59 176 59
167 60 175 60
167 63 178 63
167 68 172 69
167 73 175 73
167 81 176 81
167 89 175 89
167 90 178 90
167 95 167 102
167 108 169 111
167 121 172 122
167 125 172 126
167 144 178 144
167 148 176 148
167 159 170 160
167 170 170 171
167 219 176 219
168 10 173 11
168 12 179 12
168 13 178 13
168 14 171 16
168 32 171 34
168 51 177 51
168 52 179 52
168 57 172 58
168 71 176 71
168 74 172 75
168 92 178 92
168 95 170 98
168 99 170 102
168 131 178 131
168 145 177 145
168 163 170 165
168 172 171 173
168 176 176 176
168 192 170 194
168 195 179 195
168 204 171 206
168 207 172 208
168 211 179 211
168 214 170 216
168 222 178 222
168 226 177 226
168 227 178 227
169 2 180 2
169 5 180 5
169 44 179 44
169 49 177 49
169 50 179 50
169 53 171 55
169 77 172 78
169 83 171 85
169 91 177 91
169 105 171 107
169 117 180 117
169 177 179 177
169 183 172 185
169 202 177 202
169 203 180 203
169 220 178 220
169 233 177 233
169 238 172 239
170 19 173 21
170 23 178 23
170 24 179 24
170 43 180 43
170 45 179 45
170 93 178 93
170 94 179 94
170 108 173 110
170 111 178 111
170 124 181 124
170 146 178 146
170 180 173 182
170 196 179 196
170 199 181 199
170 229 172 231
170 237 181 237
170 241 172 243
170 248 178 248
171 4 180 4
171 36 174 37
171 76 181 76
171 80 182 80
171 95 172 99
171 100 173 102
171 112 174 113
171 115 175 116
171 119 182 119
171 130 181 130
171 143 182 143
171 147 179 147
171 149 181 149
171 150 180 150
171 159 182 159
171 160 182 160
171 163 182 163
171 164 179 164
171 165 179 165
171 168 179 168
171 171 179 171
171 174 175 175
171 178 182 178
171 186 171 194
171 214 173 216
171 221 180 221
171 224 180 224
171 228 181 228
172 7 182 7
172 14 173 17
172 26 183 26
172 32 181 32
172 34 183 34
172 42 180 42
172 53 174 55
172 83 175 85
172 105 183 105
172 106 183 106
172 107 183 107
172 114 181 114
172 120 182 120
172 123 183 123
172 132 173 135
172 154 183 154
172 158 183 158
172 162 180 162
172 169 183 169
172 172 182 172
172 173 180 173
172 186 172 194
172 204 174 206
172 213 181 213
172 232 180 232
172 236 183 236
172 246 181 246
172 249 181 249
173 6 183 6
173 18 181 18
173 35 181 35
173 40 181 40
173 57 176 58
173 67 175 69
173 72 184 72
173 74 177 75
173 77 176 78
173 95 175 98
173 103 177 104
173 121 184 121
173 122 184 122
173 125 176 127
173 137 184 137
173 139 178 140
173 142 182 142
173 156 183 156
173 179 181 179
173 183 174 187
173 188 174 193
173 194 181 194
173 200 182 200
173 207 177 208
173 229 175 231
173 235 183 235
173 238 174 242
173 243 182 243
173 247 184 247
174 10 179 11
174 14 176 16
174 19 177 21
174 27 182 27
174 33 185 33
174 65 182 65
174 99 176 101
174 102 185 102
174 108 176 110
174 128 182 128
174 132 175 135
174 138 185 138
174 157 182 157
174 180 176 182
174 214 176 216
175 28 179 29
175 36 178 37
175 53 176 56
175 61 178 62
175 66 183 66
175 70 186 70
175 88 186 88
175 112 179 113
175 118 184 118
175 151 183 151
175 166 184 166
175 183 175 191
175 192 178 193
175 204 178 206
175 209 183 209
175 238 176 242
176 0 187 0
176 8 185 8
176 9 187 9
176 30 184 30
176 39 184 39
176 46 179 48
176 60 187 60
176 67 179 69
176 73 184 73
176 83 181 84
176 85 185 85
176 89 185 89
176 95 179 96
176 97 179 98
176 115 185 115
176 116 184 116
176 133 179 135
176 141 185 141
176 174 180 175
176 183 178 185
176 186 184 186
176 187 179 189
176 190 180 191
176 229 178 231
176 234 185 234
176 245 187 245
177 3 185 3
177 14 178 17
177 53 179 56
177 57 179 59
177 64 185 64
177 71 185 71
177 77 187 77
177 78 182 79
177 81 181 82
177 86 185 86
177 87 188 87
177 99 179 101
177 108 180 110
177 125 179 127
177 136 188 136
177 148 186 148
177 152 187 152
177 167 188 167
177 176 188 176
177 180 179 182
177 201 185 201
177 214 181 215
177 216 187 216
177 218 180 219
177 223 185 223
177 238 178 242
178 1 189 1
178 19 182 20
178 21 189 21
178 38 186 38
178 41 187 41
178 49 188 49
178 74 183 75
178 91 186 91
178 103 182 104
178 129 189 129
178 145 188 145
178 153 189 153
178 197 182 198
178 202 189 202
178 207 183 208
178 210 187 210
178 212 189 212
178 217 186 217
178 225 183 226
178 233 188 233
179 13 181 16
179 22 190 22
179 23 189 23
179 31 189 31
179 36 184 37
179 61 181 63
179 90 188 90
179 92 188 92
179 93 189 93
179 111 188 111
179 131 188 131
179 139 183 140
179 144 190 144
179 146 189 146
179 183 181 185
179 192 182 193
179 204 181 206
179 220 190 220
179 227 189 227
179 229 181 231
179 238 181 240
179 241 190 241
179 248 190 248
180 10 182 12
180 17 191 17
180 28 183 29
180 44 181 48
180 50 180 59
180 67 182 69
180 94 181 99
180 100 184 101
180 112 184 113
180 125 183 127
180 132 183 134
180 135 190 135
180 147 189 147
180 155 191 155
180 161 191 161
180 164 188 164
180 165 189 165
180 168 188 168
180 170 191 170
180 171 190 171
180 177 189 177
180 180 183 182
180 187 184 188
180 189 189 189
180 195 184 196
180 211 190 211
180 242 191 242
181 4 186 5
181 25 192 25
181 42 185 43
181 50 182 54
181 55 182 58
181 108 183 110
181 117 190 117
181 150 189 150
181 162 191 162
181 173 189 173
181 174 190 174
181 190 184 191
181 203 189 203
181 218 185 219
181 221 190 221
181 224 189 224
181 232 190 232
181 244 192 244
182 13 184 15
182 18 192 18
182 32 193 32
182 35 193 35
182 40 191 40
182 44 185 46
182 48 190 48
182 61 185 63
182 76 190 76
182 81 185 83
182 84 191 84
182 94 183 98
182 99 191 99
182 114 193 114
182 124 190 124
182 130 193 130
182 175 193 175
182 179 193 179
182 183 184 185
182 199 191 199
182 204 184 206
182 213 187 214
182 215 191 215
182 222 193 222
182 228 185 230
182 231 190 231
182 237 183 240
182 246 192 246
182 249 191 249
183 7 193 7
183 10 186 11
183 12 192 12
183 19 188 20
183 27 194 27
183 50 185 53
183 54 184 57
183 58 191 58
183 67 187 68
183 69 192 69
183 78 185 80
183 103 187 104
183 119 187 120
183 128 193 128
183 142 187 143
183 157 194 157
183 159 186 160
183 163 192 163
183 172 194 172
183 192 185 194
183 197 186 198
183 200 193 200
183 243 194 243
184 6 195 6
184 16 195 16
184 28 187 29
184 34 193 34
184 59 195 59
184 66 195 66
184 74 189 75
184 94 185 98
184 105 186 108
184 109 192 109
184 123 193 123
184 125 186 127
184 132 194 132
184 133 189 134
184 139 192 139
184 140 193 140
184 149 195 149
184 151 195 151
184 154 192 154
184 156 192 156
184 158 195 158
184 169 195 169
184 180 186 182
184 207 188 208
184 209 192 209
184 235 185 238
184 239 189 240
185 13 189 14
185 15 193 15
185 30 193 30
185 36 190 37
185 39 193 39
185 47 196 47
185 54 187 57
185 72 190 73
185 100 189 101
185 112 189 113
185 116 194 116
185 118 195 118
185 121 189 122
185 137 193 137
185 178 196 178
185 183 186 186
185 187 189 188
185 190 196 190
185 195 188 196
185 204 193 204
185 205 189 206
185 225 196 225
185 226 196 226
185 247 196 247
186 2 191 3
186 33 194 33
186 42 191 43
186 44 188 46
186 50 189 52
186 53 196 53
186 61 187 65
186 71 194 71
186 78 187 82
186 83 194 83
186 85 196 85
186 86 195 86
186 89 196 89
186 94 188 97
186 102 194 102
186 110 197 110
186 115 196 115
186 138 195 138
186 191 188 193
186 201 197 201
186 218 191 219
186 223 196 223
186 228 188 230
186 234 188 236
186 237 189 238
187 5 198 5
187 10 191 11
187 26 198 26
187 70 196 70
187 88 198 88
187 91 196 91
187 105 189 107
187 108 197 108
187 125 190 127
187 148 197 148
187 159 190 160
187 180 188 184
187 185 191 186
187 197 191 198
187 217 196 217
188 0 198 0
188 4 199 4
188 8 192 9
188 28 192 29
188 54 190 57
188 60 190 63
188 64 191 65
188 67 191 68
188 77 189 82
188 103 192 104
188 119 197 119
188 120 199 120
188 141 190 143
188 152 196 152
188 210 196 210
188 213 192 214
188 216 197 216
188 245 197 245
189 19 197 19
189 20 197 20
189 44 199 44
189 45 194 46
189 49 199 49
189 87 198 87
189 90 199 90
189 92 197 92
189 94 190 98
189 131 199 131
189 145 198 145
189 164 198 164
189 166 192 168
189 176 199 176
189 180 190 184
189 191 191 194
189 195 198 195
189 196 199 196
189 207 192 208
189 228 192 230
189 233 191 236
190 13 198 13
190 14 198 14
190 21 198 21
190 23 194 24
190 31 199 31
190 50 192 52
190 75 198 75
190 77 191 81
190 82 198 82
190 93 198 93
190 100 195 101
190 105 193 107
190 111 195 112
190 113 199 113
190 121 194 122
190 133 193 134
190 146 193 147
190 153 199 153
190 173 199 173
190 177 198 177
190 187 195 188
190 202 194 203
190 205 195 206
190 224 199 224
190 237 199 237
190 238 192 240
191 22 199 22
191 36 196 37
191 54 192 57
191 60 192 63
191 72 194 74
191 76 199 76
191 94 193 96
191 97 196 98
191 124 192 127
191 141 193 143
191 144 199 144
191 171 199 171
191 174 199 174
191 180 192 184
191 211 195 212
191 220 195 221
191 231 195 232
191 241 199 241
192 10 199 10
192 11 199 11
192 17 199 17
192 40 193 43
192 64 197 65
192 67 197 68
192 77 194 79
192 80 196 81
192 135 197 136
192 159 194 162
192 170 199 170
192 185 196 186
192 191 193 194
192 197 195 199
192 233 194 235
192 248 196 249
193 2 198 3
193 8 198 9
193 28 197 29
193 51 198 52
193 55 195 57
193 60 194 63
193 103 197 104
193 125 198 126
193 165 195 167
193 180 194 184
193 207 196 209
193 213 195 215
193 227 195 229
193 238 198 239
194 38 195 43
194 94 197 96
194 105 196 107
194 127 195 130
194 133 199 134
194 139 195 143
194 146 199 147
194 154 197 156
194 191 196 194
195 23 199 24
195 32 198 34
195 60 197 62
195 71 196 74
195 77 199 78
195 159 198 161
195 179 197 181
195 182 199 183
195 202 197 204
195 233 196 236
195 242 198 244
196 38 197 42
196 54 197 59
196 99 198 101
196 121 199 123
196 127 197 130
196 137 198 139
196 140 198 142
196 165 197 169
196 187 198 189
196 197 198 200
196 211 197 214
196 218 197 221
196 227 197 231
197 35 199 37
197 45 199 48
197 69 199 71
197 72 199 74
197 83 199 86
197 114 199 116
197 184 199 186
197 205 198 209
197 232 199 234
197 246 199 249
198 39 199 43
198 53 198 62
198 63 199 68
198 102 198 110
198 155 199 158
198 210 198 218
198 219 199 223
198 225 199 230
199 50 199 60
199 91 199 102
199 103 199 112
199 159 199 168
199 197 199 205
199 206 199 216
